<?xml version="1.0" encoding="UTF-8"?>
<!-- Generated by org.testng.reporters.JUnitXMLReporter -->
<testsuite ignored="0" hostname="HMBPro6" failures="0" tests="2" name="appiumTest" time="78.196" errors="0" timestamp="2020-11-12T17:23:24 IST">
  <testcase classname="pomappiumautomation.testcase.ConduitNewPostPageTest" name="verifyConduitLogin" time="29.51"/>
  <testcase classname="pomappiumautomation.testcase.ConduitNewPostPageTest" name="verifyConduitLogin" time="28.784"/>
</testsuite> <!-- appiumTest -->
