<?xml version="1.0" encoding="UTF-8"?>
<testsuite xmlns:xsi="http://www.w3.org/2001/XMLSchema-instance" xsi:noNamespaceSchemaLocation="https://maven.apache.org/surefire/maven-surefire-plugin/xsd/surefire-test-report.xsd" name="TestSuite" time="78.65" tests="2" errors="0" skipped="0" failures="0">
  <properties>
[...]
</properties>
  <testcase name="verifyConduitLogin" classname="pomappiumautomation.testcase.ConduitNewPostPageTest" time="29.514"/>
  <testcase name="verifyConduitLogin" classname="pomappiumautomation.testcase.ConduitNewPostPageTest" time="28.785"/>
</testsuite>