<?xml version="1.0" encoding="UTF-8"?>
<testng-results ignored="0" total="2" passed="2" failed="0" skipped="0">
  <reporter-output>
  </reporter-output>
  <suite started-at="2020-11-12T17:22:06 IST" name="appiumSuite" finished-at="2020-11-12T17:23:24 IST" duration-ms="78196">
    <groups>
    </groups>
    <test started-at="2020-11-12T17:22:06 IST" name="appiumTest" finished-at="2020-11-12T17:23:24 IST" duration-ms="78196">
      <class name="pomappiumautomation.testcase.ConduitNewPostPageTest">
        <test-method is-config="true" signature="setUp()[pri:0, instance:pomappiumautomation.testcase.ConduitNewPostPageTest@49438269]" started-at="2020-11-12T17:22:07 IST" name="setUp" finished-at="2020-11-12T17:22:15 IST" duration-ms="8364" status="PASS">
          <reporter-output>
          </reporter-output>
        </test-method> <!-- setUp -->
        <test-method signature="verifyConduitLogin(java.lang.String, java.lang.String, java.lang.String, java.lang.String, java.lang.String)[pri:0, instance:pomappiumautomation.testcase.ConduitNewPostPageTest@49438269]" started-at="2020-11-12T17:22:15 IST" name="verifyConduitLogin" data-provider="conduitData" finished-at="2020-11-12T17:22:45 IST" duration-ms="29510" status="PASS">
          <params>
            <param index="0">
              <value>
                <![CDATA[TestAp1]]>
              </value>
            </param>
            <param index="1">
              <value>
                <![CDATA[About Test Ap1]]>
              </value>
            </param>
            <param index="2">
              <value>
                <![CDATA[TestAp Article1]]>
              </value>
            </param>
            <param index="3">
              <value>
                <![CDATA[Ap1]]>
              </value>
            </param>
            <param index="4">
              <value>
                <![CDATA[TestAp Comment1]]>
              </value>
            </param>
          </params>
          <reporter-output>
          </reporter-output>
        </test-method> <!-- verifyConduitLogin -->
        <test-method is-config="true" signature="tearDown()[pri:0, instance:pomappiumautomation.testcase.ConduitNewPostPageTest@49438269]" started-at="2020-11-12T17:22:45 IST" name="tearDown" finished-at="2020-11-12T17:22:45 IST" duration-ms="151" status="PASS">
          <reporter-output>
          </reporter-output>
        </test-method> <!-- tearDown -->
        <test-method is-config="true" signature="setUp()[pri:0, instance:pomappiumautomation.testcase.ConduitNewPostPageTest@49438269]" started-at="2020-11-12T17:22:45 IST" name="setUp" finished-at="2020-11-12T17:22:55 IST" duration-ms="10361" status="PASS">
          <reporter-output>
          </reporter-output>
        </test-method> <!-- setUp -->
        <test-method signature="verifyConduitLogin(java.lang.String, java.lang.String, java.lang.String, java.lang.String, java.lang.String)[pri:0, instance:pomappiumautomation.testcase.ConduitNewPostPageTest@49438269]" started-at="2020-11-12T17:22:55 IST" name="verifyConduitLogin" data-provider="conduitData" finished-at="2020-11-12T17:23:24 IST" duration-ms="28784" status="PASS">
          <params>
            <param index="0">
              <value>
                <![CDATA[TestAp2]]>
              </value>
            </param>
            <param index="1">
              <value>
                <![CDATA[About Test Ap2]]>
              </value>
            </param>
            <param index="2">
              <value>
                <![CDATA[TestAp Article2]]>
              </value>
            </param>
            <param index="3">
              <value>
                <![CDATA[Ap2]]>
              </value>
            </param>
            <param index="4">
              <value>
                <![CDATA[TestAp Comment2]]>
              </value>
            </param>
          </params>
          <reporter-output>
          </reporter-output>
        </test-method> <!-- verifyConduitLogin -->
        <test-method is-config="true" signature="tearDown()[pri:0, instance:pomappiumautomation.testcase.ConduitNewPostPageTest@49438269]" started-at="2020-11-12T17:23:24 IST" name="tearDown" finished-at="2020-11-12T17:23:24 IST" duration-ms="251" status="PASS">
          <reporter-output>
          </reporter-output>
        </test-method> <!-- tearDown -->
      </class> <!-- pomappiumautomation.testcase.ConduitNewPostPageTest -->
    </test> <!-- appiumTest -->
  </suite> <!-- appiumSuite -->
</testng-results>
